Analysis & Synthesis report for jikken
Fri Jun 10 16:59:45 2016
Quartus II 32-bit Version 13.0.1 Build 232 06/12/2013 Service Pack 1 SJ Full Version


---------------------
; Table of Contents ;
---------------------
  1. Legal Notice
  2. Analysis & Synthesis Summary
  3. Analysis & Synthesis Settings
  4. Parallel Compilation
  5. Analysis & Synthesis Source Files Read
  6. Analysis & Synthesis Resource Usage Summary
  7. Analysis & Synthesis Resource Utilization by Entity
  8. Registers Removed During Synthesis
  9. General Register Statistics
 10. Elapsed Time Per Partition
 11. Analysis & Synthesis Messages



----------------
; Legal Notice ;
----------------
Copyright (C) 1991-2013 Altera Corporation
Your use of Altera Corporation's design tools, logic functions 
and other software and tools, and its AMPP partner logic 
functions, and any output files from any of the foregoing 
(including device programming or simulation files), and any 
associated documentation or information are expressly subject 
to the terms and conditions of the Altera Program License 
Subscription Agreement, Altera MegaCore Function License 
Agreement, or other applicable license agreement, including, 
without limitation, that your use is for the sole purpose of 
programming logic devices manufactured by Altera and sold by 
Altera or its authorized distributors.  Please refer to the 
applicable agreement for further details.



+--------------------------------------------------------------------------------+
; Analysis & Synthesis Summary                                                   ;
+-----------------------------+--------------------------------------------------+
; Analysis & Synthesis Status ; Successful - Fri Jun 10 16:59:45 2016            ;
; Quartus II 32-bit Version   ; 13.0.1 Build 232 06/12/2013 SP 1 SJ Full Version ;
; Revision Name               ; jikken                                           ;
; Top-level Entity Name       ; jikken                                           ;
; Family                      ; Cyclone                                          ;
; Total logic elements        ; 61                                               ;
; Total pins                  ; 30                                               ;
; Total virtual pins          ; 0                                                ;
; Total memory bits           ; 0                                                ;
; Total PLLs                  ; 0                                                ;
+-----------------------------+--------------------------------------------------+


+----------------------------------------------------------------------------------------------------------------------+
; Analysis & Synthesis Settings                                                                                        ;
+----------------------------------------------------------------------------+--------------------+--------------------+
; Option                                                                     ; Setting            ; Default Value      ;
+----------------------------------------------------------------------------+--------------------+--------------------+
; Device                                                                     ; EP1C6Q240C8        ;                    ;
; Top-level entity name                                                      ; jikken             ; jikken             ;
; Family name                                                                ; Cyclone            ; Cyclone IV GX      ;
; Use smart compilation                                                      ; Off                ; Off                ;
; Enable parallel Assembler and TimeQuest Timing Analyzer during compilation ; On                 ; On                 ;
; Enable compact report table                                                ; Off                ; Off                ;
; Restructure Multiplexers                                                   ; Auto               ; Auto               ;
; Create Debugging Nodes for IP Cores                                        ; Off                ; Off                ;
; Preserve fewer node names                                                  ; On                 ; On                 ;
; Disable OpenCore Plus hardware evaluation                                  ; Off                ; Off                ;
; Verilog Version                                                            ; Verilog_2001       ; Verilog_2001       ;
; VHDL Version                                                               ; VHDL_1993          ; VHDL_1993          ;
; State Machine Processing                                                   ; Auto               ; Auto               ;
; Safe State Machine                                                         ; Off                ; Off                ;
; Extract Verilog State Machines                                             ; On                 ; On                 ;
; Extract VHDL State Machines                                                ; On                 ; On                 ;
; Ignore Verilog initial constructs                                          ; Off                ; Off                ;
; Iteration limit for constant Verilog loops                                 ; 5000               ; 5000               ;
; Iteration limit for non-constant Verilog loops                             ; 250                ; 250                ;
; Add Pass-Through Logic to Inferred RAMs                                    ; On                 ; On                 ;
; Infer RAMs from Raw Logic                                                  ; On                 ; On                 ;
; Parallel Synthesis                                                         ; On                 ; On                 ;
; NOT Gate Push-Back                                                         ; On                 ; On                 ;
; Power-Up Don't Care                                                        ; On                 ; On                 ;
; Remove Redundant Logic Cells                                               ; Off                ; Off                ;
; Remove Duplicate Registers                                                 ; On                 ; On                 ;
; Ignore CARRY Buffers                                                       ; Off                ; Off                ;
; Ignore CASCADE Buffers                                                     ; Off                ; Off                ;
; Ignore GLOBAL Buffers                                                      ; Off                ; Off                ;
; Ignore ROW GLOBAL Buffers                                                  ; Off                ; Off                ;
; Ignore LCELL Buffers                                                       ; Off                ; Off                ;
; Ignore SOFT Buffers                                                        ; On                 ; On                 ;
; Limit AHDL Integers to 32 Bits                                             ; Off                ; Off                ;
; Optimization Technique                                                     ; Balanced           ; Balanced           ;
; Carry Chain Length                                                         ; 70                 ; 70                 ;
; Auto Carry Chains                                                          ; On                 ; On                 ;
; Auto Open-Drain Pins                                                       ; On                 ; On                 ;
; Perform WYSIWYG Primitive Resynthesis                                      ; Off                ; Off                ;
; Auto ROM Replacement                                                       ; On                 ; On                 ;
; Auto RAM Replacement                                                       ; On                 ; On                 ;
; Auto Shift Register Replacement                                            ; Auto               ; Auto               ;
; Allow Shift Register Merging across Hierarchies                            ; Auto               ; Auto               ;
; Auto Clock Enable Replacement                                              ; On                 ; On                 ;
; Strict RAM Replacement                                                     ; Off                ; Off                ;
; Allow Synchronous Control Signals                                          ; On                 ; On                 ;
; Force Use of Synchronous Clear Signals                                     ; Off                ; Off                ;
; Auto RAM Block Balancing                                                   ; On                 ; On                 ;
; Auto RAM to Logic Cell Conversion                                          ; Off                ; Off                ;
; Auto Resource Sharing                                                      ; Off                ; Off                ;
; Allow Any RAM Size For Recognition                                         ; Off                ; Off                ;
; Allow Any ROM Size For Recognition                                         ; Off                ; Off                ;
; Allow Any Shift Register Size For Recognition                              ; Off                ; Off                ;
; Use LogicLock Constraints during Resource Balancing                        ; On                 ; On                 ;
; Ignore translate_off and synthesis_off directives                          ; Off                ; Off                ;
; Report Parameter Settings                                                  ; On                 ; On                 ;
; Report Source Assignments                                                  ; On                 ; On                 ;
; Report Connectivity Checks                                                 ; On                 ; On                 ;
; Ignore Maximum Fan-Out Assignments                                         ; Off                ; Off                ;
; Synchronization Register Chain Length                                      ; 2                  ; 2                  ;
; PowerPlay Power Optimization                                               ; Normal compilation ; Normal compilation ;
; HDL message level                                                          ; Level2             ; Level2             ;
; Suppress Register Optimization Related Messages                            ; Off                ; Off                ;
; Number of Removed Registers Reported in Synthesis Report                   ; 5000               ; 5000               ;
; Number of Swept Nodes Reported in Synthesis Report                         ; 5000               ; 5000               ;
; Number of Inverted Registers Reported in Synthesis Report                  ; 100                ; 100                ;
; Clock MUX Protection                                                       ; On                 ; On                 ;
; Block Design Naming                                                        ; Auto               ; Auto               ;
; Synthesis Effort                                                           ; Auto               ; Auto               ;
; Shift Register Replacement - Allow Asynchronous Clear Signal               ; On                 ; On                 ;
; Pre-Mapping Resynthesis Optimization                                       ; Off                ; Off                ;
; Analysis & Synthesis Message Level                                         ; Medium             ; Medium             ;
; Disable Register Merging Across Hierarchies                                ; Auto               ; Auto               ;
; Resource Aware Inference For Block RAM                                     ; On                 ; On                 ;
; Synthesis Seed                                                             ; 1                  ; 1                  ;
+----------------------------------------------------------------------------+--------------------+--------------------+


+------------------------------------------+
; Parallel Compilation                     ;
+----------------------------+-------------+
; Processors                 ; Number      ;
+----------------------------+-------------+
; Number detected on machine ; 2           ;
; Maximum allowed            ; 2           ;
;                            ;             ;
; Average used               ; 1.00        ;
; Maximum used               ; 1           ;
;                            ;             ;
; Usage by Processor         ; % Time Used ;
;     Processor 1            ; 100.0%      ;
;     Processor 2            ;   0.0%      ;
+----------------------------+-------------+


+--------------------------------------------------------------------------------------------------------------------------------------------------------+
; Analysis & Synthesis Source Files Read                                                                                                                 ;
+----------------------------------+-----------------+------------------------------------------+----------------------------------------------+---------+
; File Name with User-Entered Path ; Used in Netlist ; File Type                                ; File Name with Absolute Path                 ; Library ;
+----------------------------------+-----------------+------------------------------------------+----------------------------------------------+---------+
; jikken.bdf                       ; yes             ; User Block Diagram/Schematic File        ; /home/014/a0147044/jikken-hard/jikken.bdf    ;         ;
; half-add.bdf                     ; yes             ; User Block Diagram/Schematic File        ; /home/014/a0147044/jikken-hard/half-add.bdf  ;         ;
; all-add.bdf                      ; yes             ; User Block Diagram/Schematic File        ; /home/014/a0147044/jikken-hard/all-add.bdf   ;         ;
; 16bitadd.bdf                     ; yes             ; User Block Diagram/Schematic File        ; /home/014/a0147044/jikken-hard/16bitadd.bdf  ;         ;
; 16bitadd2.bdf                    ; yes             ; User Block Diagram/Schematic File        ; /home/014/a0147044/jikken-hard/16bitadd2.bdf ;         ;
; pc.bdf                           ; yes             ; User Block Diagram/Schematic File        ; /home/014/a0147044/jikken-hard/pc.bdf        ;         ;
; kadai1.bdf                       ; yes             ; Auto-Found Block Diagram/Schematic File  ; /home/014/a0147044/jikken-hard/kadai1.bdf    ;         ;
+----------------------------------+-----------------+------------------------------------------+----------------------------------------------+---------+


+-----------------------------------------------------+
; Analysis & Synthesis Resource Usage Summary         ;
+---------------------------------------------+-------+
; Resource                                    ; Usage ;
+---------------------------------------------+-------+
; Total logic elements                        ; 61    ;
;     -- Combinational with no register       ; 45    ;
;     -- Register only                        ; 12    ;
;     -- Combinational with a register        ; 4     ;
;                                             ;       ;
; Logic element usage by number of LUT inputs ;       ;
;     -- 4 input functions                    ; 38    ;
;     -- 3 input functions                    ; 5     ;
;     -- 2 input functions                    ; 5     ;
;     -- 1 input functions                    ; 1     ;
;     -- 0 input functions                    ; 0     ;
;                                             ;       ;
; Logic elements by mode                      ;       ;
;     -- normal mode                          ; 61    ;
;     -- arithmetic mode                      ; 0     ;
;     -- qfbk mode                            ; 0     ;
;     -- register cascade mode                ; 0     ;
;     -- synchronous clear/load mode          ; 0     ;
;     -- asynchronous clear/load mode         ; 0     ;
;                                             ;       ;
; Total registers                             ; 16    ;
; I/O pins                                    ; 30    ;
; Maximum fan-out node                        ; clock ;
; Maximum fan-out                             ; 16    ;
; Total fan-out                               ; 235   ;
; Average fan-out                             ; 2.58  ;
+---------------------------------------------+-------+


+------------------------------------------------------------------------------------------------------------------------------------------------------------------------------------------------------------------------------------------------------------------------------------+
; Analysis & Synthesis Resource Utilization by Entity                                                                                                                                                                                                                                ;
+---------------------------------+-------------+--------------+-------------+------+--------------+--------------+-------------------+------------------+-----------------+------------+-----------------------------------------------------------------------------+--------------+
; Compilation Hierarchy Node      ; Logic Cells ; LC Registers ; Memory Bits ; Pins ; Virtual Pins ; LUT-Only LCs ; Register-Only LCs ; LUT/Register LCs ; Carry Chain LCs ; Packed LCs ; Full Hierarchy Name                                                         ; Library Name ;
+---------------------------------+-------------+--------------+-------------+------+--------------+--------------+-------------------+------------------+-----------------+------------+-----------------------------------------------------------------------------+--------------+
; |jikken                         ; 61 (0)      ; 16           ; 0           ; 30   ; 0            ; 45 (0)       ; 12 (0)            ; 4 (0)            ; 0 (0)           ; 0 (0)      ; |jikken                                                                     ; work         ;
;    |kadai1:3noketa|             ; 7 (7)       ; 0            ; 0           ; 0    ; 0            ; 7 (7)        ; 0 (0)             ; 0 (0)            ; 0 (0)           ; 0 (0)      ; |jikken|kadai1:3noketa                                                      ; work         ;
;    |kadai1:4noketa|             ; 7 (7)       ; 0            ; 0           ; 0    ; 0            ; 7 (7)        ; 0 (0)             ; 0 (0)            ; 0 (0)           ; 0 (0)      ; |jikken|kadai1:4noketa                                                      ; work         ;
;    |kadai1:inoketa|             ; 7 (7)       ; 0            ; 0           ; 0    ; 0            ; 7 (7)        ; 0 (0)             ; 0 (0)            ; 0 (0)           ; 0 (0)      ; |jikken|kadai1:inoketa                                                      ; work         ;
;    |kadai1:ninoketast4|         ; 7 (7)       ; 0            ; 0           ; 0    ; 0            ; 7 (7)        ; 0 (0)             ; 0 (0)            ; 0 (0)           ; 0 (0)      ; |jikken|kadai1:ninoketast4                                                  ; work         ;
;    |pc:pchan|                   ; 33 (16)     ; 16           ; 0           ; 0    ; 0            ; 17 (0)       ; 12 (12)           ; 4 (4)            ; 0 (0)           ; 0 (0)      ; |jikken|pc:pchan                                                            ; work         ;
;       |16bitadd2:add2|          ; 17 (0)      ; 0            ; 0           ; 0    ; 0            ; 17 (0)       ; 0 (0)             ; 0 (0)            ; 0 (0)           ; 0 (0)      ; |jikken|pc:pchan|16bitadd2:add2                                             ; work         ;
;          |16bitadd:inst|        ; 17 (0)      ; 0            ; 0           ; 0    ; 0            ; 17 (0)       ; 0 (0)             ; 0 (0)            ; 0 (0)           ; 0 (0)      ; |jikken|pc:pchan|16bitadd2:add2|16bitadd:inst                               ; work         ;
;             |all-add:inst10|    ; 1 (0)       ; 0            ; 0           ; 0    ; 0            ; 1 (0)        ; 0 (0)             ; 0 (0)            ; 0 (0)           ; 0 (0)      ; |jikken|pc:pchan|16bitadd2:add2|16bitadd:inst|all-add:inst10                ; work         ;
;                |half-add:half1| ; 1 (1)       ; 0            ; 0           ; 0    ; 0            ; 1 (1)        ; 0 (0)             ; 0 (0)            ; 0 (0)           ; 0 (0)      ; |jikken|pc:pchan|16bitadd2:add2|16bitadd:inst|all-add:inst10|half-add:half1 ; work         ;
;             |all-add:inst11|    ; 1 (0)       ; 0            ; 0           ; 0    ; 0            ; 1 (0)        ; 0 (0)             ; 0 (0)            ; 0 (0)           ; 0 (0)      ; |jikken|pc:pchan|16bitadd2:add2|16bitadd:inst|all-add:inst11                ; work         ;
;                |half-add:half1| ; 1 (1)       ; 0            ; 0           ; 0    ; 0            ; 1 (1)        ; 0 (0)             ; 0 (0)            ; 0 (0)           ; 0 (0)      ; |jikken|pc:pchan|16bitadd2:add2|16bitadd:inst|all-add:inst11|half-add:half1 ; work         ;
;             |all-add:inst12|    ; 2 (0)       ; 0            ; 0           ; 0    ; 0            ; 2 (0)        ; 0 (0)             ; 0 (0)            ; 0 (0)           ; 0 (0)      ; |jikken|pc:pchan|16bitadd2:add2|16bitadd:inst|all-add:inst12                ; work         ;
;                |half-add:half1| ; 2 (2)       ; 0            ; 0           ; 0    ; 0            ; 2 (2)        ; 0 (0)             ; 0 (0)            ; 0 (0)           ; 0 (0)      ; |jikken|pc:pchan|16bitadd2:add2|16bitadd:inst|all-add:inst12|half-add:half1 ; work         ;
;             |all-add:inst13|    ; 1 (0)       ; 0            ; 0           ; 0    ; 0            ; 1 (0)        ; 0 (0)             ; 0 (0)            ; 0 (0)           ; 0 (0)      ; |jikken|pc:pchan|16bitadd2:add2|16bitadd:inst|all-add:inst13                ; work         ;
;                |half-add:half1| ; 1 (1)       ; 0            ; 0           ; 0    ; 0            ; 1 (1)        ; 0 (0)             ; 0 (0)            ; 0 (0)           ; 0 (0)      ; |jikken|pc:pchan|16bitadd2:add2|16bitadd:inst|all-add:inst13|half-add:half1 ; work         ;
;             |all-add:inst14|    ; 1 (0)       ; 0            ; 0           ; 0    ; 0            ; 1 (0)        ; 0 (0)             ; 0 (0)            ; 0 (0)           ; 0 (0)      ; |jikken|pc:pchan|16bitadd2:add2|16bitadd:inst|all-add:inst14                ; work         ;
;                |half-add:half1| ; 1 (1)       ; 0            ; 0           ; 0    ; 0            ; 1 (1)        ; 0 (0)             ; 0 (0)            ; 0 (0)           ; 0 (0)      ; |jikken|pc:pchan|16bitadd2:add2|16bitadd:inst|all-add:inst14|half-add:half1 ; work         ;
;             |all-add:inst15|    ; 2 (0)       ; 0            ; 0           ; 0    ; 0            ; 2 (0)        ; 0 (0)             ; 0 (0)            ; 0 (0)           ; 0 (0)      ; |jikken|pc:pchan|16bitadd2:add2|16bitadd:inst|all-add:inst15                ; work         ;
;                |half-add:half1| ; 2 (2)       ; 0            ; 0           ; 0    ; 0            ; 2 (2)        ; 0 (0)             ; 0 (0)            ; 0 (0)           ; 0 (0)      ; |jikken|pc:pchan|16bitadd2:add2|16bitadd:inst|all-add:inst15|half-add:half1 ; work         ;
;             |all-add:inst16|    ; 1 (0)       ; 0            ; 0           ; 0    ; 0            ; 1 (0)        ; 0 (0)             ; 0 (0)            ; 0 (0)           ; 0 (0)      ; |jikken|pc:pchan|16bitadd2:add2|16bitadd:inst|all-add:inst16                ; work         ;
;                |half-add:half1| ; 1 (1)       ; 0            ; 0           ; 0    ; 0            ; 1 (1)        ; 0 (0)             ; 0 (0)            ; 0 (0)           ; 0 (0)      ; |jikken|pc:pchan|16bitadd2:add2|16bitadd:inst|all-add:inst16|half-add:half1 ; work         ;
;             |all-add:inst4|     ; 1 (0)       ; 0            ; 0           ; 0    ; 0            ; 1 (0)        ; 0 (0)             ; 0 (0)            ; 0 (0)           ; 0 (0)      ; |jikken|pc:pchan|16bitadd2:add2|16bitadd:inst|all-add:inst4                 ; work         ;
;                |half-add:half1| ; 1 (1)       ; 0            ; 0           ; 0    ; 0            ; 1 (1)        ; 0 (0)             ; 0 (0)            ; 0 (0)           ; 0 (0)      ; |jikken|pc:pchan|16bitadd2:add2|16bitadd:inst|all-add:inst4|half-add:half1  ; work         ;
;             |all-add:inst5|     ; 1 (0)       ; 0            ; 0           ; 0    ; 0            ; 1 (0)        ; 0 (0)             ; 0 (0)            ; 0 (0)           ; 0 (0)      ; |jikken|pc:pchan|16bitadd2:add2|16bitadd:inst|all-add:inst5                 ; work         ;
;                |half-add:half1| ; 1 (1)       ; 0            ; 0           ; 0    ; 0            ; 1 (1)        ; 0 (0)             ; 0 (0)            ; 0 (0)           ; 0 (0)      ; |jikken|pc:pchan|16bitadd2:add2|16bitadd:inst|all-add:inst5|half-add:half1  ; work         ;
;             |all-add:inst6|     ; 1 (0)       ; 0            ; 0           ; 0    ; 0            ; 1 (0)        ; 0 (0)             ; 0 (0)            ; 0 (0)           ; 0 (0)      ; |jikken|pc:pchan|16bitadd2:add2|16bitadd:inst|all-add:inst6                 ; work         ;
;                |half-add:half1| ; 1 (1)       ; 0            ; 0           ; 0    ; 0            ; 1 (1)        ; 0 (0)             ; 0 (0)            ; 0 (0)           ; 0 (0)      ; |jikken|pc:pchan|16bitadd2:add2|16bitadd:inst|all-add:inst6|half-add:half1  ; work         ;
;             |all-add:inst7|     ; 2 (0)       ; 0            ; 0           ; 0    ; 0            ; 2 (0)        ; 0 (0)             ; 0 (0)            ; 0 (0)           ; 0 (0)      ; |jikken|pc:pchan|16bitadd2:add2|16bitadd:inst|all-add:inst7                 ; work         ;
;                |half-add:half1| ; 2 (2)       ; 0            ; 0           ; 0    ; 0            ; 2 (2)        ; 0 (0)             ; 0 (0)            ; 0 (0)           ; 0 (0)      ; |jikken|pc:pchan|16bitadd2:add2|16bitadd:inst|all-add:inst7|half-add:half1  ; work         ;
;             |all-add:inst8|     ; 1 (0)       ; 0            ; 0           ; 0    ; 0            ; 1 (0)        ; 0 (0)             ; 0 (0)            ; 0 (0)           ; 0 (0)      ; |jikken|pc:pchan|16bitadd2:add2|16bitadd:inst|all-add:inst8                 ; work         ;
;                |half-add:half1| ; 1 (1)       ; 0            ; 0           ; 0    ; 0            ; 1 (1)        ; 0 (0)             ; 0 (0)            ; 0 (0)           ; 0 (0)      ; |jikken|pc:pchan|16bitadd2:add2|16bitadd:inst|all-add:inst8|half-add:half1  ; work         ;
;             |all-add:inst9|     ; 2 (0)       ; 0            ; 0           ; 0    ; 0            ; 2 (0)        ; 0 (0)             ; 0 (0)            ; 0 (0)           ; 0 (0)      ; |jikken|pc:pchan|16bitadd2:add2|16bitadd:inst|all-add:inst9                 ; work         ;
;                |half-add:half1| ; 2 (2)       ; 0            ; 0           ; 0    ; 0            ; 2 (2)        ; 0 (0)             ; 0 (0)            ; 0 (0)           ; 0 (0)      ; |jikken|pc:pchan|16bitadd2:add2|16bitadd:inst|all-add:inst9|half-add:half1  ; work         ;
+---------------------------------+-------------+--------------+-------------+------+--------------+--------------+-------------------+------------------+-----------------+------------+-----------------------------------------------------------------------------+--------------+
Note: For table entries with two numbers listed, the numbers in parentheses indicate the number of resources of the given type used by the specific entity alone. The numbers listed outside of parentheses indicate the total resources of the given type used by the specific entity and all of its sub-entities in the hierarchy.


+---------------------------------------------------------------------------------+
; Registers Removed During Synthesis                                              ;
+----------------------------------------+----------------------------------------+
; Register name                          ; Reason for Removal                     ;
+----------------------------------------+----------------------------------------+
; pc:pchan|dffqq[0..15]                  ; Stuck at VCC due to stuck port data_in ;
; Total Number of Removed Registers = 16 ;                                        ;
+----------------------------------------+----------------------------------------+


+------------------------------------------------------+
; General Register Statistics                          ;
+----------------------------------------------+-------+
; Statistic                                    ; Value ;
+----------------------------------------------+-------+
; Total registers                              ; 16    ;
; Number of registers using Synchronous Clear  ; 0     ;
; Number of registers using Synchronous Load   ; 0     ;
; Number of registers using Asynchronous Clear ; 0     ;
; Number of registers using Asynchronous Load  ; 0     ;
; Number of registers using Clock Enable       ; 0     ;
; Number of registers using Preset             ; 0     ;
+----------------------------------------------+-------+


+-------------------------------+
; Elapsed Time Per Partition    ;
+----------------+--------------+
; Partition Name ; Elapsed Time ;
+----------------+--------------+
; Top            ; 00:00:00     ;
+----------------+--------------+


+-------------------------------+
; Analysis & Synthesis Messages ;
+-------------------------------+
Info: *******************************************************************
Info: Running Quartus II 32-bit Analysis & Synthesis
    Info: Version 13.0.1 Build 232 06/12/2013 Service Pack 1 SJ Full Version
    Info: Processing started: Fri Jun 10 16:59:42 2016
Info: Command: quartus_map --read_settings_files=on --write_settings_files=off jikken -c jikken
Info (20030): Parallel compilation is enabled and will use 2 of the 2 processors detected
Info (12021): Found 1 design units, including 1 entities, in source file phaze2.bdf
    Info (12023): Found entity 1: phaze2
Info (12021): Found 1 design units, including 1 entities, in source file 88selector.bdf
    Info (12023): Found entity 1: 88selector
Info (12021): Found 1 design units, including 1 entities, in source file 38encoder.bdf
    Info (12023): Found entity 1: 38encoder
Info (12021): Found 1 design units, including 1 entities, in source file 8regesters.bdf
    Info (12023): Found entity 1: 8regesters
Info (12021): Found 2 design units, including 1 entities, in source file ram1.vhd
    Info (12022): Found design unit 1: ram1-SYN
    Info (12023): Found entity 1: ram1
Info (12021): Found 1 design units, including 1 entities, in source file jikken.bdf
    Info (12023): Found entity 1: jikken
Info (12021): Found 2 design units, including 1 entities, in source file ram2.vhd
    Info (12022): Found design unit 1: ram2-SYN
    Info (12023): Found entity 1: ram2
Info (12021): Found 1 design units, including 1 entities, in source file half-add.bdf
    Info (12023): Found entity 1: half-add
Info (12021): Found 1 design units, including 1 entities, in source file all-add.bdf
    Info (12023): Found entity 1: all-add
Info (12021): Found 1 design units, including 1 entities, in source file 16bitadd.bdf
    Info (12023): Found entity 1: 16bitadd
Info (12021): Found 1 design units, including 1 entities, in source file 16bitadd2.bdf
    Info (12023): Found entity 1: 16bitadd2
Info (12021): Found 1 design units, including 1 entities, in source file pc.bdf
    Info (12023): Found entity 1: pc
Info (12127): Elaborating entity "jikken" for the top level hierarchy
Info (12128): Elaborating entity "pc" for hierarchy "pc:pchan"
Info (12128): Elaborating entity "16bitadd2" for hierarchy "pc:pchan|16bitadd2:add2"
Info (12128): Elaborating entity "16bitadd" for hierarchy "pc:pchan|16bitadd2:add2|16bitadd:inst"
Info (12128): Elaborating entity "all-add" for hierarchy "pc:pchan|16bitadd2:add2|16bitadd:inst|all-add:inst9"
Info (12128): Elaborating entity "half-add" for hierarchy "pc:pchan|16bitadd2:add2|16bitadd:inst|all-add:inst9|half-add:half1"
Warning (12125): Using design file kadai1.bdf, which is not specified as a design file for the current project, but contains definitions for 1 design units and 1 entities in project
    Info (12023): Found entity 1: kadai1
Info (12128): Elaborating entity "kadai1" for hierarchy "kadai1:4noketa"
Info (16010): Generating hard_block partition "hard_block:auto_generated_inst"
    Info (16011): Adding 0 node(s), including 0 DDIO, 0 PLL, 0 transceiver and 0 LCELL
Info (21057): Implemented 91 device resources after synthesis - the final resource count might be different
    Info (21058): Implemented 1 input pins
    Info (21059): Implemented 29 output pins
    Info (21061): Implemented 61 logic cells
Info: Quartus II 32-bit Analysis & Synthesis was successful. 0 errors, 1 warning
    Info: Peak virtual memory: 361 megabytes
    Info: Processing ended: Fri Jun 10 16:59:45 2016
    Info: Elapsed time: 00:00:03
    Info: Total CPU time (on all processors): 00:00:02


